[2016-11-16 02:49:35] Processed: App\Listeners\UserCreateEventListener@create
[2016-11-16 02:51:02] Processed: App\Listeners\UserCreateEventListener@create
[2016-11-16 02:51:32] Processed: App\Listeners\UserCreateEventListener@create
[2016-11-16 06:05:42] Failed: Laravel\Scout\Jobs\MakeSearchable
PHP Warning:  Module 'PDO' already loaded in Unknown on line 0
PHP Warning:  Module 'calendar' already loaded in Unknown on line 0
PHP Warning:  Module 'ctype' already loaded in Unknown on line 0
PHP Warning:  Module 'exif' already loaded in Unknown on line 0
PHP Warning:  Module 'fileinfo' already loaded in Unknown on line 0
PHP Warning:  Module 'ftp' already loaded in Unknown on line 0
PHP Warning:  Module 'gettext' already loaded in Unknown on line 0
PHP Warning:  Module 'iconv' already loaded in Unknown on line 0
PHP Warning:  Module 'Phar' already loaded in Unknown on line 0
PHP Warning:  Module 'posix' already loaded in Unknown on line 0
PHP Warning:  PHP Startup: Unable to load dynamic library '/usr/lib/php/20151012/sockets.so' - /usr/lib/php/20151012/sockets.so: undefined symbol: php_network_gethostbyname in Unknown on line 0
PHP Warning:  Module 'sysvmsg' already loaded in Unknown on line 0
PHP Warning:  Module 'sysvsem' already loaded in Unknown on line 0
PHP Warning:  Module 'sysvshm' already loaded in Unknown on line 0
PHP Warning:  Module 'tokenizer' already loaded in Unknown on line 0
PHP Warning:  Module 'PDO' already loaded in Unknown on line 0
PHP Warning:  Module 'calendar' already loaded in Unknown on line 0
PHP Warning:  Module 'ctype' already loaded in Unknown on line 0
PHP Warning:  Module 'exif' already loaded in Unknown on line 0
PHP Warning:  Module 'fileinfo' already loaded in Unknown on line 0
PHP Warning:  Module 'PDO' already loaded in Unknown on line 0
PHP Warning:  Module 'ftp' already loaded in Unknown on line 0
PHP Warning:  Module 'calendar' already loaded in Unknown on line 0
PHP Warning:  Module 'ctype' already loaded in Unknown on line 0
PHP Warning:  Module 'gettext' already loaded in Unknown on line 0
PHP Warning:  Module 'iconv' already loaded in Unknown on line 0
PHP Warning:  Module 'Phar' already loaded in Unknown on line 0
PHP Warning:  Module 'posix' already loaded in Unknown on line 0
PHP Warning:  Module 'exif' already loaded in Unknown on line 0
PHP Warning:  Module 'fileinfo' already loaded in Unknown on line 0
PHP Warning:  Module 'ftp' already loaded in Unknown on line 0
PHP Warning:  Module 'gettext' already loaded in Unknown on line 0
PHP Warning:  Module 'iconv' already loaded in Unknown on line 0
PHP Warning:  PHP Startup: Unable to load dynamic library '/usr/lib/php/20151012/sockets.so' - /usr/lib/php/20151012/sockets.so: undefined symbol: php_network_gethostbyname in Unknown on line 0
PHP Warning:  Module 'PDO' already loaded in Unknown on line 0
PHP Warning:  Module 'calendar' already loaded in Unknown on line 0
PHP Warning:  Module 'ctype' already loaded in Unknown on line 0
PHP Warning:  Module 'sysvmsg' already loaded in Unknown on line 0
PHP Warning:  Module 'sysvsem' already loaded in Unknown on line 0
PHP Warning:  Module 'sysvshm' already loaded in Unknown on line 0
PHP Warning:  Module 'tokenizer' already loaded in Unknown on line 0
PHP Warning:  Module 'Phar' already loaded in Unknown on line 0
PHP Warning:  Module 'exif' already loaded in Unknown on line 0
PHP Warning:  Module 'fileinfo' already loaded in Unknown on line 0
PHP Warning:  Module 'posix' already loaded in Unknown on line 0
PHP Warning:  Module 'ftp' already loaded in Unknown on line 0
PHP Warning:  Module 'gettext' already loaded in Unknown on line 0
PHP Warning:  Module 'iconv' already loaded in Unknown on line 0
PHP Warning:  PHP Startup: Unable to load dynamic library '/usr/lib/php/20151012/sockets.so' - /usr/lib/php/20151012/sockets.so: undefined symbol: php_network_gethostbyname in Unknown on line 0
PHP Warning:  Module 'sysvmsg' already loaded in Unknown on line 0
PHP Warning:  Module 'sysvsem' already loaded in Unknown on line 0
PHP Warning:  Module 'sysvshm' already loaded in Unknown on line 0
PHP Warning:  Module 'tokenizer' already loaded in Unknown on line 0
PHP Warning:  Module 'Phar' already loaded in Unknown on line 0
PHP Warning:  Module 'posix' already loaded in Unknown on line 0
PHP Warning:  PHP Startup: Unable to load dynamic library '/usr/lib/php/20151012/sockets.so' - /usr/lib/php/20151012/sockets.so: undefined symbol: php_network_gethostbyname in Unknown on line 0
PHP Warning:  Module 'sysvmsg' already loaded in Unknown on line 0
PHP Warning:  Module 'sysvsem' already loaded in Unknown on line 0
PHP Warning:  Module 'sysvshm' already loaded in Unknown on line 0
PHP Warning:  Module 'tokenizer' already loaded in Unknown on line 0

 
 
 
 PHP Warning:  Module 'PDO' already loaded in Unknown on line 0
PHP Warning:  Module 'calendar' already loaded in Unknown on line 0
PHP Warning:  Module 'ctype' already loaded in Unknown on line 0
PHP Warning:  Module 'exif' already loaded in Unknown on line 0
PHP Warning:  Module 'fileinfo' already loaded in Unknown on line 0
PHP Warning:  Module 'ftp' already loaded in Unknown on line 0
PHP Warning:  Module 'gettext' already loaded in Unknown on line 0
PHP Warning:  Module 'iconv' already loaded in Unknown on line 0
PHP Warning:  Module 'Phar' already loaded in Unknown on line 0
PHP Warning:  Module 'posix' already loaded in Unknown on line 0
PHP Warning:  PHP Startup: Unable to load dynamic library '/usr/lib/php/20151012/sockets.so' - /usr/lib/php/20151012/sockets.so: undefined symbol: php_network_gethostbyname in Unknown on line 0
PHP Warning:  Module 'sysvmsg' already loaded in Unknown on line 0
PHP Warning:  Module 'sysvsem' already loaded in Unknown on line 0
PHP Warning:  Module 'sysvshm' already loaded in Unknown on line 0
PHP Warning:  Module 'tokenizer' already loaded in Unknown on line 0

 PHP Warning:  Module 'PDO' already loaded in Unknown on line 0
PHP Warning:  Module 'calendar' already loaded in Unknown on line 0
PHP Warning:  Module 'ctype' already loaded in Unknown on line 0
PHP Warning:  Module 'exif' already loaded in Unknown on line 0
PHP Warning:  Module 'fileinfo' already loaded in Unknown on line 0
PHP Warning:  Module 'ftp' already loaded in Unknown on line 0
PHP Warning:  Module 'gettext' already loaded in Unknown on line 0
PHP Warning:  Module 'iconv' already loaded in Unknown on line 0
PHP Warning:  Module 'Phar' already loaded in Unknown on line 0
PHP Warning:  Module 'posix' already loaded in Unknown on line 0
PHP Warning:  PHP Startup: Unable to load dynamic library '/usr/lib/php/20151012/sockets.so' - /usr/lib/php/20151012/sockets.so: undefined symbol: php_network_gethostbyname in Unknown on line 0
PHP Warning:  Module 'PDO' already loaded in Unknown on line 0
PHP Warning:  Module 'calendar' already loaded in Unknown on line 0
PHP Warning:  Module 'ctype' already loaded in Unknown on line 0
PHP Warning:  Module 'sysvmsg' already loaded in Unknown on line 0
PHP Warning:  Module 'sysvsem' already loaded in Unknown on line 0
PHP Warning:  Module 'sysvshm' already loaded in Unknown on line 0
PHP Warning:  Module 'tokenizer' already loaded in Unknown on line 0
PHP Warning:  Module 'exif' already loaded in Unknown on line 0
PHP Warning:  Module 'fileinfo' already loaded in Unknown on line 0
PHP Warning:  Module 'ftp' already loaded in Unknown on line 0
PHP Warning:  Module 'gettext' already loaded in Unknown on line 0
PHP Warning:  Module 'iconv' already loaded in Unknown on line 0
PHP Warning:  Module 'Phar' already loaded in Unknown on line 0
PHP Warning:  Module 'posix' already loaded in Unknown on line 0
PHP Warning:  Module 'PDO' already loaded in Unknown on line 0
PHP Warning:  PHP Startup: Unable to load dynamic library '/usr/lib/php/20151012/sockets.so' - /usr/lib/php/20151012/sockets.so: undefined symbol: php_network_gethostbyname in Unknown on line 0
PHP Warning:  Module 'sysvmsg' already loaded in Unknown on line 0
PHP Warning:  Module 'sysvsem' already loaded in Unknown on line 0
PHP Warning:  Module 'sysvshm' already loaded in Unknown on line 0
PHP Warning:  Module 'tokenizer' already loaded in Unknown on line 0
PHP Warning:  Module 'calendar' already loaded in Unknown on line 0
PHP Warning:  Module 'ctype' already loaded in Unknown on line 0
PHP Warning:  Module 'exif' already loaded in Unknown on line 0
PHP Warning:  Module 'fileinfo' already loaded in Unknown on line 0
PHP Warning:  Module 'ftp' already loaded in Unknown on line 0
PHP Warning:  Module 'gettext' already loaded in Unknown on line 0
PHP Warning:  Module 'iconv' already loaded in Unknown on line 0
PHP Warning:  Module 'Phar' already loaded in Unknown on line 0
PHP Warning:  Module 'posix' already loaded in Unknown on line 0
PHP Warning:  PHP Startup: Unable to load dynamic library '/usr/lib/php/20151012/sockets.so' - /usr/lib/php/20151012/sockets.so: undefined symbol: php_network_gethostbyname in Unknown on line 0
PHP Warning:  Module 'sysvmsg' already loaded in Unknown on line 0
PHP Warning:  Module 'sysvsem' already loaded in Unknown on line 0
PHP Warning:  Module 'sysvshm' already loaded in Unknown on line 0
PHP Warning:  Module 'tokenizer' already loaded in Unknown on line 0

 
 
 PHP Warning:  Module 'PDO' already loaded in Unknown on line 0
PHP Warning:  Module 'calendar' already loaded in Unknown on line 0
PHP Warning:  Module 'ctype' already loaded in Unknown on line 0
PHP Warning:  Module 'PDO' already loaded in Unknown on line 0
PHP Warning:  Module 'calendar' already loaded in Unknown on line 0
PHP Warning:  Module 'ctype' already loaded in Unknown on line 0
PHP Warning:  Module 'PDO' already loaded in Unknown on line 0
PHP Warning:  Module 'calendar' already loaded in Unknown on line 0
PHP Warning:  Module 'ctype' already loaded in Unknown on line 0
PHP Warning:  Module 'exif' already loaded in Unknown on line 0
PHP Warning:  Module 'fileinfo' already loaded in Unknown on line 0
PHP Warning:  Module 'ftp' already loaded in Unknown on line 0
PHP Warning:  Module 'gettext' already loaded in Unknown on line 0
PHP Warning:  Module 'iconv' already loaded in Unknown on line 0
PHP Warning:  Module 'PDO' already loaded in Unknown on line 0
PHP Warning:  Module 'calendar' already loaded in Unknown on line 0
PHP Warning:  Module 'ctype' already loaded in Unknown on line 0
PHP Warning:  Module 'exif' already loaded in Unknown on line 0
PHP Warning:  Module 'fileinfo' already loaded in Unknown on line 0
PHP Warning:  Module 'ftp' already loaded in Unknown on line 0
PHP Warning:  Module 'gettext' already loaded in Unknown on line 0
PHP Warning:  Module 'iconv' already loaded in Unknown on line 0
PHP Warning:  Module 'Phar' already loaded in Unknown on line 0
PHP Warning:  Module 'posix' already loaded in Unknown on line 0
PHP Warning:  PHP Startup: Unable to load dynamic library '/usr/lib/php/20151012/sockets.so' - /usr/lib/php/20151012/sockets.so: undefined symbol: php_network_gethostbyname in Unknown on line 0
PHP Warning:  Module 'sysvmsg' already loaded in Unknown on line 0
PHP Warning:  Module 'sysvsem' already loaded in Unknown on line 0
PHP Warning:  Module 'sysvshm' already loaded in Unknown on line 0
PHP Warning:  Module 'PDO' already loaded in Unknown on line 0
PHP Warning:  Module 'calendar' already loaded in Unknown on line 0
PHP Warning:  Module 'ctype' already loaded in Unknown on line 0
PHP Warning:  Module 'exif' already loaded in Unknown on line 0
PHP Warning:  Module 'fileinfo' already loaded in Unknown on line 0
PHP Warning:  Module 'ftp' already loaded in Unknown on line 0
PHP Warning:  Module 'gettext' already loaded in Unknown on line 0
PHP Warning:  Module 'iconv' already loaded in Unknown on line 0
PHP Warning:  Module 'exif' already loaded in Unknown on line 0
PHP Warning:  Module 'fileinfo' already loaded in Unknown on line 0
PHP Warning:  Module 'ftp' already loaded in Unknown on line 0
PHP Warning:  Module 'gettext' already loaded in Unknown on line 0
PHP Warning:  Module 'iconv' already loaded in Unknown on line 0
PHP Warning:  Module 'Phar' already loaded in Unknown on line 0
PHP Warning:  Module 'posix' already loaded in Unknown on line 0
PHP Warning:  Module 'PDO' already loaded in Unknown on line 0
PHP Warning:  Module 'calendar' already loaded in Unknown on line 0
PHP Warning:  Module 'ctype' already loaded in Unknown on line 0
PHP Warning:  Module 'exif' already loaded in Unknown on line 0
PHP Warning:  Module 'fileinfo' already loaded in Unknown on line 0
PHP Warning:  Module 'ftp' already loaded in Unknown on line 0
PHP Warning:  Module 'PDO' already loaded in Unknown on line 0
PHP Warning:  Module 'calendar' already loaded in Unknown on line 0
PHP Warning:  Module 'ctype' already loaded in Unknown on line 0
PHP Warning:  Module 'exif' already loaded in Unknown on line 0
PHP Warning:  Module 'fileinfo' already loaded in Unknown on line 0
PHP Warning:  Module 'ftp' already loaded in Unknown on line 0
PHP Warning:  Module 'gettext' already loaded in Unknown on line 0
PHP Warning:  Module 'iconv' already loaded in Unknown on line 0
PHP Warning:  Module 'PDO' already loaded in Unknown on line 0
PHP Warning:  Module 'calendar' already loaded in Unknown on line 0
PHP Warning:  Module 'ctype' already loaded in Unknown on line 0
PHP Warning:  Module 'exif' already loaded in Unknown on line 0
PHP Warning:  Module 'fileinfo' already loaded in Unknown on line 0
PHP Warning:  Module 'ftp' already loaded in Unknown on line 0
PHP Warning:  Module 'gettext' already loaded in Unknown on line 0
PHP Warning:  Module 'iconv' already loaded in Unknown on line 0
PHP Warning:  Module 'exif' already loaded in Unknown on line 0
PHP Warning:  Module 'fileinfo' already loaded in Unknown on line 0
PHP Warning:  Module 'ftp' already loaded in Unknown on line 0
PHP Warning:  Module 'gettext' already loaded in Unknown on line 0
PHP Warning:  Module 'iconv' already loaded in Unknown on line 0
PHP Warning:  Module 'Phar' already loaded in Unknown on line 0
PHP Warning:  Module 'posix' already loaded in Unknown on line 0
PHP Warning:  PHP Startup: Unable to load dynamic library '/usr/lib/php/20151012/sockets.so' - /usr/lib/php/20151012/sockets.so: undefined symbol: php_network_gethostbyname in Unknown on line 0
PHP Warning:  Module 'sysvmsg' already loaded in Unknown on line 0
PHP Warning:  Module 'sysvsem' already loaded in Unknown on line 0
PHP Warning:  Module 'sysvshm' already loaded in Unknown on line 0
PHP Warning:  Module 'tokenizer' already loaded in Unknown on line 0
PHP Warning:  Module 'Phar' already loaded in Unknown on line 0
PHP Warning:  Module 'posix' already loaded in Unknown on line 0
PHP Warning:  PHP Startup: Unable to load dynamic library '/usr/lib/php/20151012/sockets.so' - /usr/lib/php/20151012/sockets.so: undefined symbol: php_network_gethostbyname in Unknown on line 0
PHP Warning:  Module 'sysvmsg' already loaded in Unknown on line 0
PHP Warning:  Module 'sysvsem' already loaded in Unknown on line 0
PHP Warning:  Module 'sysvshm' already loaded in Unknown on line 0
PHP Warning:  Module 'tokenizer' already loaded in Unknown on line 0
PHP Warning:  Module 'tokenizer' already loaded in Unknown on line 0
PHP Warning:  Module 'Phar' already loaded in Unknown on line 0
PHP Warning:  Module 'posix' already loaded in Unknown on line 0
PHP Warning:  PHP Startup: Unable to load dynamic library '/usr/lib/php/20151012/sockets.so' - /usr/lib/php/20151012/sockets.so: undefined symbol: php_network_gethostbyname in Unknown on line 0
PHP Warning:  Module 'sysvmsg' already loaded in Unknown on line 0
PHP Warning:  Module 'sysvsem' already loaded in Unknown on line 0
PHP Warning:  Module 'sysvshm' already loaded in Unknown on line 0
PHP Warning:  Module 'tokenizer' already loaded in Unknown on line 0
PHP Warning:  PHP Startup: Unable to load dynamic library '/usr/lib/php/20151012/sockets.so' - /usr/lib/php/20151012/sockets.so: undefined symbol: php_network_gethostbyname in Unknown on line 0
PHP Warning:  Module 'sysvmsg' already loaded in Unknown on line 0
PHP Warning:  Module 'sysvsem' already loaded in Unknown on line 0
PHP Warning:  Module 'sysvshm' already loaded in Unknown on line 0
PHP Warning:  Module 'tokenizer' already loaded in Unknown on line 0
PHP Warning:  Module 'gettext' already loaded in Unknown on line 0
PHP Warning:  Module 'iconv' already loaded in Unknown on line 0
PHP Warning:  Module 'Phar' already loaded in Unknown on line 0
PHP Warning:  Module 'posix' already loaded in Unknown on line 0
PHP Warning:  PHP Startup: Unable to load dynamic library '/usr/lib/php/20151012/sockets.so' - /usr/lib/php/20151012/sockets.so: undefined symbol: php_network_gethostbyname in Unknown on line 0
PHP Warning:  Module 'sysvmsg' already loaded in Unknown on line 0
PHP Warning:  Module 'sysvsem' already loaded in Unknown on line 0
PHP Warning:  Module 'sysvshm' already loaded in Unknown on line 0
PHP Warning:  Module 'tokenizer' already loaded in Unknown on line 0
PHP Warning:  Module 'Phar' already loaded in Unknown on line 0
PHP Warning:  Module 'posix' already loaded in Unknown on line 0
PHP Warning:  PHP Startup: Unable to load dynamic library '/usr/lib/php/20151012/sockets.so' - /usr/lib/php/20151012/sockets.so: undefined symbol: php_network_gethostbyname in Unknown on line 0
PHP Warning:  Module 'sysvmsg' already loaded in Unknown on line 0
PHP Warning:  Module 'sysvsem' already loaded in Unknown on line 0
PHP Warning:  Module 'sysvshm' already loaded in Unknown on line 0
PHP Warning:  Module 'tokenizer' already loaded in Unknown on line 0
PHP Warning:  Module 'Phar' already loaded in Unknown on line 0
PHP Warning:  Module 'posix' already loaded in Unknown on line 0
PHP Warning:  PHP Startup: Unable to load dynamic library '/usr/lib/php/20151012/sockets.so' - /usr/lib/php/20151012/sockets.so: undefined symbol: php_network_gethostbyname in Unknown on line 0
PHP Warning:  Module 'sysvmsg' already loaded in Unknown on line 0
PHP Warning:  Module 'sysvsem' already loaded in Unknown on line 0
PHP Warning:  Module 'sysvshm' already loaded in Unknown on line 0
PHP Warning:  Module 'tokenizer' already loaded in Unknown on line 0

 
 
 
 
 
 
 
 [2016-11-17 10:51:00] Failed: Laravel\Scout\Jobs\MakeSearchable
[2016-11-17 12:26:44] Failed: Laravel\Scout\Jobs\MakeSearchable
PHP Warning:  Module 'PDO' already loaded in Unknown on line 0
PHP Warning:  Module 'PDO' already loaded in Unknown on line 0
PHP Warning:  Module 'PDO' already loaded in Unknown on line 0
PHP Warning:  Module 'calendar' already loaded in Unknown on line 0
PHP Warning:  Module 'ctype' already loaded in Unknown on line 0
PHP Warning:  Module 'PDO' already loaded in Unknown on line 0
PHP Warning:  Module 'calendar' already loaded in Unknown on line 0
PHP Warning:  Module 'ctype' already loaded in Unknown on line 0
PHP Warning:  Module 'exif' already loaded in Unknown on line 0
PHP Warning:  Module 'fileinfo' already loaded in Unknown on line 0
PHP Warning:  Module 'ftp' already loaded in Unknown on line 0
PHP Warning:  Module 'gettext' already loaded in Unknown on line 0
PHP Warning:  Module 'iconv' already loaded in Unknown on line 0
PHP Warning:  Module 'Phar' already loaded in Unknown on line 0
PHP Warning:  Module 'posix' already loaded in Unknown on line 0
PHP Warning:  Module 'PDO' already loaded in Unknown on line 0
PHP Warning:  Module 'calendar' already loaded in Unknown on line 0
PHP Warning:  Module 'ctype' already loaded in Unknown on line 0
PHP Warning:  Module 'exif' already loaded in Unknown on line 0
PHP Warning:  Module 'fileinfo' already loaded in Unknown on line 0
PHP Warning:  Module 'ftp' already loaded in Unknown on line 0
PHP Warning:  Module 'calendar' already loaded in Unknown on line 0
PHP Warning:  Module 'ctype' already loaded in Unknown on line 0
PHP Warning:  Module 'exif' already loaded in Unknown on line 0
PHP Warning:  Module 'fileinfo' already loaded in Unknown on line 0
PHP Warning:  Module 'ftp' already loaded in Unknown on line 0
PHP Warning:  Module 'calendar' already loaded in Unknown on line 0
PHP Warning:  Module 'ctype' already loaded in Unknown on line 0
PHP Warning:  Module 'exif' already loaded in Unknown on line 0
PHP Warning:  Module 'fileinfo' already loaded in Unknown on line 0
PHP Warning:  Module 'ftp' already loaded in Unknown on line 0
PHP Warning:  Module 'gettext' already loaded in Unknown on line 0
PHP Warning:  Module 'iconv' already loaded in Unknown on line 0
PHP Warning:  Module 'Phar' already loaded in Unknown on line 0
PHP Warning:  Module 'posix' already loaded in Unknown on line 0
PHP Warning:  Module 'PDO' already loaded in Unknown on line 0
PHP Warning:  Module 'calendar' already loaded in Unknown on line 0
PHP Warning:  Module 'ctype' already loaded in Unknown on line 0
PHP Warning:  Module 'exif' already loaded in Unknown on line 0
PHP Warning:  Module 'fileinfo' already loaded in Unknown on line 0
PHP Warning:  Module 'ftp' already loaded in Unknown on line 0
PHP Warning:  Module 'PDO' already loaded in Unknown on line 0
PHP Warning:  Module 'calendar' already loaded in Unknown on line 0
PHP Warning:  Module 'ctype' already loaded in Unknown on line 0
PHP Warning:  Module 'exif' already loaded in Unknown on line 0
PHP Warning:  Module 'fileinfo' already loaded in Unknown on line 0
PHP Warning:  Module 'ftp' already loaded in Unknown on line 0
PHP Warning:  Module 'PDO' already loaded in Unknown on line 0
PHP Warning:  Module 'calendar' already loaded in Unknown on line 0
PHP Warning:  Module 'ctype' already loaded in Unknown on line 0
PHP Warning:  Module 'exif' already loaded in Unknown on line 0
PHP Warning:  Module 'fileinfo' already loaded in Unknown on line 0
PHP Warning:  Module 'ftp' already loaded in Unknown on line 0
PHP Warning:  Module 'gettext' already loaded in Unknown on line 0
PHP Warning:  Module 'iconv' already loaded in Unknown on line 0
PHP Warning:  Module 'Phar' already loaded in Unknown on line 0
PHP Warning:  PHP Startup: Unable to load dynamic library '/usr/lib/php/20151012/sockets.so' - /usr/lib/php/20151012/sockets.so: undefined symbol: php_network_gethostbyname in Unknown on line 0
PHP Warning:  Module 'sysvmsg' already loaded in Unknown on line 0
PHP Warning:  Module 'sysvsem' already loaded in Unknown on line 0
PHP Warning:  Module 'sysvshm' already loaded in Unknown on line 0
PHP Warning:  Module 'tokenizer' already loaded in Unknown on line 0
PHP Warning:  Module 'gettext' already loaded in Unknown on line 0
PHP Warning:  Module 'iconv' already loaded in Unknown on line 0
PHP Warning:  Module 'Phar' already loaded in Unknown on line 0
PHP Warning:  Module 'posix' already loaded in Unknown on line 0
PHP Warning:  Module 'gettext' already loaded in Unknown on line 0
PHP Warning:  Module 'iconv' already loaded in Unknown on line 0
PHP Warning:  Module 'Phar' already loaded in Unknown on line 0
PHP Warning:  Module 'posix' already loaded in Unknown on line 0
PHP Warning:  Module 'gettext' already loaded in Unknown on line 0
PHP Warning:  Module 'iconv' already loaded in Unknown on line 0
PHP Warning:  Module 'Phar' already loaded in Unknown on line 0
PHP Warning:  Module 'posix' already loaded in Unknown on line 0
PHP Warning:  PHP Startup: Unable to load dynamic library '/usr/lib/php/20151012/sockets.so' - /usr/lib/php/20151012/sockets.so: undefined symbol: php_network_gethostbyname in Unknown on line 0
PHP Warning:  Module 'sysvmsg' already loaded in Unknown on line 0
PHP Warning:  Module 'sysvsem' already loaded in Unknown on line 0
PHP Warning:  Module 'sysvshm' already loaded in Unknown on line 0
PHP Warning:  Module 'tokenizer' already loaded in Unknown on line 0
PHP Warning:  Module 'exif' already loaded in Unknown on line 0
PHP Warning:  Module 'fileinfo' already loaded in Unknown on line 0
PHP Warning:  Module 'ftp' already loaded in Unknown on line 0
PHP Warning:  Module 'gettext' already loaded in Unknown on line 0
PHP Warning:  Module 'iconv' already loaded in Unknown on line 0
PHP Warning:  Module 'Phar' already loaded in Unknown on line 0
PHP Warning:  Module 'posix' already loaded in Unknown on line 0
PHP Warning:  PHP Startup: Unable to load dynamic library '/usr/lib/php/20151012/sockets.so' - /usr/lib/php/20151012/sockets.so: undefined symbol: php_network_gethostbyname in Unknown on line 0
PHP Warning:  Module 'sysvmsg' already loaded in Unknown on line 0
PHP Warning:  Module 'sysvsem' already loaded in Unknown on line 0
PHP Warning:  Module 'sysvshm' already loaded in Unknown on line 0
PHP Warning:  Module 'tokenizer' already loaded in Unknown on line 0
PHP Warning:  PHP Startup: Unable to load dynamic library '/usr/lib/php/20151012/sockets.so' - /usr/lib/php/20151012/sockets.so: undefined symbol: php_network_gethostbyname in Unknown on line 0
PHP Warning:  Module 'sysvmsg' already loaded in Unknown on line 0
PHP Warning:  Module 'sysvsem' already loaded in Unknown on line 0
PHP Warning:  Module 'sysvshm' already loaded in Unknown on line 0
PHP Warning:  Module 'tokenizer' already loaded in Unknown on line 0
PHP Warning:  PHP Startup: Unable to load dynamic library '/usr/lib/php/20151012/sockets.so' - /usr/lib/php/20151012/sockets.so: undefined symbol: php_network_gethostbyname in Unknown on line 0
PHP Warning:  Module 'sysvmsg' already loaded in Unknown on line 0
PHP Warning:  Module 'sysvsem' already loaded in Unknown on line 0
PHP Warning:  Module 'sysvshm' already loaded in Unknown on line 0
PHP Warning:  Module 'tokenizer' already loaded in Unknown on line 0
PHP Warning:  PHP Startup: Unable to load dynamic library '/usr/lib/php/20151012/sockets.so' - /usr/lib/php/20151012/sockets.so: undefined symbol: php_network_gethostbyname in Unknown on line 0
PHP Warning:  Module 'sysvmsg' already loaded in Unknown on line 0
PHP Warning:  Module 'sysvsem' already loaded in Unknown on line 0
PHP Warning:  Module 'sysvshm' already loaded in Unknown on line 0
PHP Warning:  Module 'tokenizer' already loaded in Unknown on line 0
PHP Warning:  Module 'gettext' already loaded in Unknown on line 0
PHP Warning:  Module 'iconv' already loaded in Unknown on line 0
PHP Warning:  Module 'Phar' already loaded in Unknown on line 0
PHP Warning:  Module 'posix' already loaded in Unknown on line 0
PHP Warning:  PHP Startup: Unable to load dynamic library '/usr/lib/php/20151012/sockets.so' - /usr/lib/php/20151012/sockets.so: undefined symbol: php_network_gethostbyname in Unknown on line 0
PHP Warning:  Module 'sysvmsg' already loaded in Unknown on line 0
PHP Warning:  Module 'sysvsem' already loaded in Unknown on line 0
PHP Warning:  Module 'sysvshm' already loaded in Unknown on line 0
PHP Warning:  Module 'tokenizer' already loaded in Unknown on line 0
PHP Warning:  Module 'posix' already loaded in Unknown on line 0
PHP Warning:  PHP Startup: Unable to load dynamic library '/usr/lib/php/20151012/sockets.so' - /usr/lib/php/20151012/sockets.so: undefined symbol: php_network_gethostbyname in Unknown on line 0
PHP Warning:  Module 'sysvmsg' already loaded in Unknown on line 0
PHP Warning:  Module 'sysvsem' already loaded in Unknown on line 0
PHP Warning:  Module 'sysvshm' already loaded in Unknown on line 0
PHP Warning:  Module 'tokenizer' already loaded in Unknown on line 0

 
 
 
 
 
 
 
 